10:44:46.020 [main] INFO  Util.GlobalFunction - Scenario called 
10:44:46.045 [main] INFO  Util.GlobalFunction - ###############################################################
10:44:46.046 [main] INFO  Util.GlobalFunction - Test case Name:Validate if user able to login with Correct 'User' credentials
10:44:46.046 [main] INFO  Util.GlobalFunction - ###############################################################
10:44:46.047 [main] DEBUG Util.GlobalFunction - Test case Tag:TC1_User_CorrectCredentials
10:44:46.047 [main] DEBUG Util.GlobalFunction - Test case Tag:TC01
10:44:46.413 [main] DEBUG BrowserAccess.BrowserControl - Driver initiated 
10:44:46.414 [main] DEBUG BrowserAccess.BrowserControl - Chrome Browser lanuched Successfully
10:44:56.144 [main] DEBUG BrowserAccess.BrowserControl - URLhttps://amazon.in/
10:44:59.423 [main] DEBUG Stepdef.Login.Login - Browser initiated...
10:44:59.430 [main] DEBUG Stepdef.Login.Login - Selected test data...1
10:44:59.432 [main] DEBUG Stepdef.Login.Login - calling Excel util
10:44:59.501 [main] INFO  Util.ExcelReaderFillo - Excel sheet called
10:45:00.451 [main] DEBUG Util.ExcelReaderFillo - Excel path  src\test\resources\inputdata.xls
10:45:00.451 [main] DEBUG Util.ExcelReaderFillo - Excel connection opened  
10:45:00.453 [main] DEBUG Util.ExcelReaderFillo - Excel path  Select * from Login
10:45:00.649 [main] INFO  Util.ExcelReaderFillo - Excel connection closed 
10:45:00.736 [main] DEBUG BusinessLogic.BussinessFun - Application property loaded
10:45:02.958 [main] DEBUG BusinessLogic.BussinessFun - Decoded password:SW5kaWFAMTIzNTQ=
10:45:03.353 [main] DEBUG BusinessLogic.BussinessFun - User name Entered :logumca2011@gmail.com
10:45:13.026 [main] DEBUG BusinessLogic.BussinessFun - Order items Clicked #:Returns
10:45:17.180 [main] DEBUG BusinessLogic.BussinessFun - Order#:407-0596190-6479540
10:45:17.670 [main] DEBUG BusinessLogic.BussinessFun - Order#:Payment Method
Net Banking: HDFC Bank
Booking summary
Base fare
₹ 1,554.00
Bus operator GST
₹ 77.70
Order Total
₹ 1,631.70
10:45:17.871 [main] DEBUG BusinessLogic.BussinessFun - Order#:Bus Booking
Ticket ID: 6755TS4J
PNR: VTA-AP-697772630305
Journey completed
Hope you had a pleasant journey!
ChennaiTiruchengodu
Vetri Travels
A/C Sleeper (2+1)
Boarding Point:
10:25 PMSun, 08 May
PALLAVARAM (KPN BUNK)
Duration
6h 58m
Drop Point:
05:23 AMMon, 09 May
MANIKAMPAMPALAYAM
PALLAVARAM (KPN BUNK)
NEAR BUS STOP
Travellers (2) Seat number
LoganathanMale, 28 Years (Primary Traveller) L8
IniyanMale, 5 Years L9
Book another bus
Download e-ticket
Cancellation & travel policy
Get help
Terms & Conditions
10:45:22.524 [main] INFO  Util.GlobalFunction - Scenario called 
10:45:22.526 [main] INFO  Util.GlobalFunction - ###############################################################
10:45:22.526 [main] INFO  Util.GlobalFunction - Test case Name:Validate if user able to login with Correct 'User' credentials
10:45:22.526 [main] INFO  Util.GlobalFunction - ###############################################################
10:45:22.526 [main] DEBUG Util.GlobalFunction - Test case Tag:TC2_User_CorrectCredentials
10:45:22.527 [main] DEBUG Util.GlobalFunction - Test case Tag:TC02
10:45:22.578 [main] DEBUG BrowserAccess.BrowserControl - Driver initiated 
10:45:22.578 [main] DEBUG BrowserAccess.BrowserControl - Chrome Browser lanuched Successfully
10:45:25.959 [main] DEBUG BrowserAccess.BrowserControl - URLhttps://amazon.in/
10:45:30.265 [main] DEBUG Stepdef.Login.Login - Browser initiated...
10:45:30.267 [main] DEBUG Stepdef.Login.Login - Selected test data...2
10:45:30.269 [main] DEBUG Stepdef.Login.Login - calling Excel util
10:45:30.270 [main] INFO  Util.ExcelReaderFillo - Excel sheet called
10:45:30.281 [main] DEBUG Util.ExcelReaderFillo - Excel path  src\test\resources\inputdata.xls
10:45:30.281 [main] DEBUG Util.ExcelReaderFillo - Excel connection opened  
10:45:30.281 [main] DEBUG Util.ExcelReaderFillo - Excel path  Select * from Login
10:45:30.282 [main] INFO  Util.ExcelReaderFillo - Excel connection closed 
10:45:30.284 [main] DEBUG BusinessLogic.BussinessFun - Application property loaded
10:45:32.347 [main] DEBUG BusinessLogic.BussinessFun - Decoded password:SW5kaWFAMTIzNTQ=
10:45:32.603 [main] DEBUG BusinessLogic.BussinessFun - User name Entered :logumca2011@gmail.com
10:45:41.657 [main] DEBUG BusinessLogic.BussinessFun - Order items Clicked #:Returns
10:45:45.128 [main] DEBUG BusinessLogic.BussinessFun - Order#:407-0596190-6479540
10:45:45.719 [main] DEBUG BusinessLogic.BussinessFun - Order#:Payment Method
Net Banking: HDFC Bank
Booking summary
Base fare
₹ 1,554.00
Bus operator GST
₹ 77.70
Order Total
₹ 1,631.70
10:45:45.916 [main] DEBUG BusinessLogic.BussinessFun - Order#:Bus Booking
Ticket ID: 6755TS4J
PNR: VTA-AP-697772630305
Journey completed
Hope you had a pleasant journey!
ChennaiTiruchengodu
Vetri Travels
A/C Sleeper (2+1)
Boarding Point:
10:25 PMSun, 08 May
PALLAVARAM (KPN BUNK)
Duration
6h 58m
Drop Point:
05:23 AMMon, 09 May
MANIKAMPAMPALAYAM
PALLAVARAM (KPN BUNK)
NEAR BUS STOP
Travellers (2) Seat number
LoganathanMale, 28 Years (Primary Traveller) L8
IniyanMale, 5 Years L9
Book another bus
Download e-ticket
Cancellation & travel policy
Get help
Terms & Conditions
10:45:49.913 [main] INFO  Util.GlobalFunction - Scenario called 
10:45:49.915 [main] INFO  Util.GlobalFunction - ###############################################################
10:45:49.917 [main] INFO  Util.GlobalFunction - Test case Name:Validate if user able to login with Correct 'User' credentials
10:45:49.917 [main] INFO  Util.GlobalFunction - ###############################################################
10:45:49.917 [main] DEBUG Util.GlobalFunction - Test case Tag:TC3_User_InCorrectCredentials
10:45:49.917 [main] DEBUG Util.GlobalFunction - Test case Tag:TC03
10:45:49.938 [main] DEBUG BrowserAccess.BrowserControl - Driver initiated 
10:45:49.939 [main] DEBUG BrowserAccess.BrowserControl - Chrome Browser lanuched Successfully
10:45:52.248 [main] DEBUG BrowserAccess.BrowserControl - URLhttps://amazon.in/
10:45:56.809 [main] DEBUG Stepdef.Login.Login - Browser initiated...
10:45:56.810 [main] DEBUG Stepdef.Login.Login - Selected test data...3
10:45:56.811 [main] DEBUG Stepdef.Login.Login - calling Excel util
10:45:56.812 [main] INFO  Util.ExcelReaderFillo - Excel sheet called
10:45:56.819 [main] DEBUG Util.ExcelReaderFillo - Excel path  src\test\resources\inputdata.xls
10:45:56.820 [main] DEBUG Util.ExcelReaderFillo - Excel connection opened  
10:45:56.820 [main] DEBUG Util.ExcelReaderFillo - Excel path  Select * from Login
10:45:56.821 [main] INFO  Util.ExcelReaderFillo - Excel connection closed 
10:45:56.823 [main] DEBUG BusinessLogic.BussinessFun - Application property loaded
10:45:58.456 [main] DEBUG BusinessLogic.BussinessFun - Decoded password:LW5kaWFAMTIzNTQ=
10:45:58.622 [main] DEBUG BusinessLogic.BussinessFun - User name Entered :Test
10:46:00.947 [main] INFO  Util.GlobalFunction - Scenario called 
10:46:00.947 [main] INFO  Util.GlobalFunction - ###############################################################
10:46:00.947 [main] INFO  Util.GlobalFunction - Test case Name:Validate if user able to login with Correct 'User' credentials
10:46:00.948 [main] INFO  Util.GlobalFunction - ###############################################################
10:46:00.948 [main] DEBUG Util.GlobalFunction - Test case Tag:TC4_User_InCorrectCredentials
10:46:00.948 [main] DEBUG Util.GlobalFunction - Test case Tag:TC04
10:46:00.980 [main] DEBUG BrowserAccess.BrowserControl - Driver initiated 
10:46:00.981 [main] DEBUG BrowserAccess.BrowserControl - Chrome Browser lanuched Successfully
10:46:03.304 [main] DEBUG BrowserAccess.BrowserControl - URLhttps://amazon.in/
10:46:09.320 [main] DEBUG Stepdef.Login.Login - Browser initiated...
10:46:09.321 [main] DEBUG Stepdef.Login.Login - Selected test data...4
10:46:09.322 [main] DEBUG Stepdef.Login.Login - calling Excel util
10:46:09.323 [main] INFO  Util.ExcelReaderFillo - Excel sheet called
10:46:09.334 [main] DEBUG Util.ExcelReaderFillo - Excel path  src\test\resources\inputdata.xls
10:46:09.334 [main] DEBUG Util.ExcelReaderFillo - Excel connection opened  
10:46:09.334 [main] DEBUG Util.ExcelReaderFillo - Excel path  Select * from Login
10:46:09.336 [main] INFO  Util.ExcelReaderFillo - Excel connection closed 
10:46:09.337 [main] DEBUG BusinessLogic.BussinessFun - Application property loaded
10:46:11.003 [main] DEBUG BusinessLogic.BussinessFun - Decoded password:SW5kaWFAMTIzNTQ=
10:46:11.187 [main] DEBUG BusinessLogic.BussinessFun - User name Entered :Loganathan
10:46:13.774 [main] INFO  Util.ReportGeneration - ###############################################################
10:46:13.774 [main] DEBUG Util.ReportGeneration - Report Generation called
10:46:18.147 [main] DEBUG Util.ReportGeneration - Report Generated
10:46:18.147 [main] INFO  Util.ReportGeneration - ###############################################################
